#
# There is insufficient memory for the Java Runtime Environment to continue.
# Native memory allocation (malloc) failed to allocate 32744 bytes for ChunkPool::allocate
# Possible reasons:
#   The system is out of physical RAM or swap space
#   In 32 bit mode, the process size limit was hit
# Possible solutions:
#   Reduce memory load on the system
#   Increase physical memory or swap space
#   Check if swap backing store is full
#   Use 64 bit Java on a 64 bit OS
#   Decrease Java heap size (-Xmx/-Xms)
#   Decrease number of Java threads
#   Decrease Java thread stack sizes (-Xss)
#   Set larger code cache with -XX:ReservedCodeCacheSize=
# This output file may be truncated or incomplete.
#
#  Out of Memory Error (allocation.cpp:273), pid=17608, tid=0x00000000000006d8
#
# JRE version: Java(TM) SE Runtime Environment (8.0_191-b12) (build 1.8.0_191-b12)
# Java VM: Java HotSpot(TM) 64-Bit Server VM (25.191-b12 mixed mode windows-amd64 compressed oops)
# Failed to write core dump. Minidumps are not enabled by default on client versions of Windows
#

---------------  T H R E A D  ---------------

Current thread (0x000000001ee39800):  JavaThread "C2 CompilerThread1" daemon [_thread_in_vm, id=1752, stack(0x000000001f720000,0x000000001f820000)]

Stack: [0x000000001f720000,0x000000001f820000]
[error occurred during error reporting (printing stack bounds), id 0xc0000005]

Native frames: (J=compiled Java code, j=interpreted, Vv=VM code, C=native code)


---------------  P R O C E S S  ---------------

Java Threads: ( => current thread )
  0x000000001ee48000 JavaThread "C1 CompilerThread3" daemon [_thread_blocked, id=23424, stack(0x000000001f920000,0x000000001fa20000)]
  0x000000001ee3a000 JavaThread "C2 CompilerThread2" daemon [_thread_blocked, id=15876, stack(0x000000001f820000,0x000000001f920000)]
=>0x000000001ee39800 JavaThread "C2 CompilerThread1" daemon [_thread_in_vm, id=1752, stack(0x000000001f720000,0x000000001f820000)]
  0x000000001ee38800 JavaThread "C2 CompilerThread0" daemon [_thread_in_vm, id=9796, stack(0x000000001f620000,0x000000001f720000)]
  0x000000001eda9800 JavaThread "Attach Listener" daemon [_thread_blocked, id=19748, stack(0x000000001f470000,0x000000001f570000)]
  0x000000001eda8800 JavaThread "Signal Dispatcher" daemon [_thread_blocked, id=6320, stack(0x000000001f370000,0x000000001f470000)]
  0x000000001ed91800 JavaThread "Finalizer" daemon [_thread_blocked, id=14656, stack(0x000000001f270000,0x000000001f370000)]
  0x000000001ed90800 JavaThread "Reference Handler" daemon [_thread_blocked, id=21876, stack(0x000000001f170000,0x000000001f270000)]
  0x00000000033de800 JavaThread "main" [_thread_in_native, id=148, stack(0x0000000003220000,0x0000000003320000)]

Other Threads:
  0x000000001cf98800 VMThread [stack: 0x000000001ec70000,0x000000001ed70000] [id=2396]

VM state:not at safepoint (normal execution)

VM Mutex/Monitor currently owned by a thread: None

Heap:
 PSYoungGen      total 75776K, used 1300K [0x000000076bb80000, 0x0000000771000000, 0x00000007c0000000)
  eden space 65024K, 2% used [0x000000076bb80000,0x000000076bcc51f8,0x000000076fb00000)
  from space 10752K, 0% used [0x0000000770580000,0x0000000770580000,0x0000000771000000)
  to   space 10752K, 0% used [0x000000076fb00000,0x000000076fb00000,0x0000000770580000)
 ParOldGen       total 173568K, used 0K [0x00000006c3200000, 0x00000006cdb80000, 0x000000076bb80000)
  object space 173568K, 0% used [0x00000006c3200000,0x00000006c3200000,0x00000006cdb80000)
 Metaspace       used 2805K, capacity 4494K, committed 4864K, reserved 1056768K
  class space    used 305K, capacity 386K, committed 512K, reserved 1048576K

Card table byte_map: [0x0000000012a10000,0x0000000013200000] byte_map_base: 0x000000000f3f7000

Marking Bits: (ParMarkBitMap*) 0x0000000071473e30
 Begin Bits: [0x0000000013f50000, 0x0000000017e88000)
 End Bits:   [0x0000000017e88000, 0x000000001bdc0000)

Polling page: 0x0000000001230000

CodeCache: size=245760Kb used=1068Kb max_used=1079Kb free=244692Kb
 bounds [0x0000000003650000, 0x00000000038c0000, 0x0000000012650000]
 total_blobs=236 nmethods=2 adapters=151
 compilation: enabled

Compilation events (0 events):
No events

GC Heap History (0 events):
No events

Deoptimization events (0 events):
No events

Classes redefined (0 events):
No events

Internal exceptions (4 events):
Event: 0.031 Thread 0x00000000033de800 Exception <a 'java/lang/NoSuchMethodError': Method sun.misc.Unsafe.defineClass(Ljava/lang/String;[BII)Ljava/lang/Class; name or signature does not match> (0x000000076bb87cb0) thrown at [C:\re\workspace\8-2-build-windows-amd64-cygwin\jdk8u191\11896\hotspot
Event: 0.031 Thread 0x00000000033de800 Exception <a 'java/lang/NoSuchMethodError': Method sun.misc.Unsafe.prefetchRead(Ljava/lang/Object;J)V name or signature does not match> (0x000000076bb87f98) thrown at [C:\re\workspace\8-2-build-windows-amd64-cygwin\jdk8u191\11896\hotspot\src\share\vm\prim
Event: 0.095 Thread 0x00000000033de800 Exception <a 'java/lang/UnsatisfiedLinkError'> (0x000000076bca0160) thrown at [C:\re\workspace\8-2-build-windows-amd64-cygwin\jdk8u191\11896\hotspot\src\share\vm\prims\jvm.cpp, line 4028]
Event: 0.095 Thread 0x00000000033de800 Exception <a 'java/lang/UnsatisfiedLinkError'> (0x000000076bca0160) thrown at [C:\re\workspace\8-2-build-windows-amd64-cygwin\jdk8u191\11896\hotspot\src\share\vm\prims\jni.cpp, line 709]

Events (10 events):
Event: 0.090 loading class java/lang/reflect/InvocationTargetException done
Event: 0.090 loading class java/lang/NoSuchMethodException
Event: 0.090 loading class java/lang/NoSuchMethodException done
Event: 0.095 loading class java/lang/UnsatisfiedLinkError
Event: 0.095 loading class java/lang/UnsatisfiedLinkError done
Event: 0.095 Thread 0x000000001ee38800 Thread added: 0x000000001ee38800
Event: 0.095 Thread 0x000000001ee39800 Thread added: 0x000000001ee39800
Event: 0.095 Thread 0x000000001ee3a000 Thread added: 0x000000001ee3a000
Event: 0.096 Thread 0x000000001ee48000 Thread added: 0x000000001ee48000
Event: 0.096 loading class java/lang/invoke/MethodHandleImpl


Dynamic libraries:
0x00007ff7b3a80000 - 0x00007ff7b3ab7000 	D:\work\jdk1.8.0_191\bin\java.exe
0x00007ff8ac630000 - 0x00007ff8ac825000 	C:\Windows\SYSTEM32\ntdll.dll
0x00007ff8ab7a0000 - 0x00007ff8ab85d000 	C:\Windows\System32\KERNEL32.DLL
0x00007ff8aa0b0000 - 0x00007ff8aa379000 	C:\Windows\System32\KERNELBASE.dll
0x00007ff8ac360000 - 0x00007ff8ac40c000 	C:\Windows\System32\ADVAPI32.dll
0x00007ff8ac410000 - 0x00007ff8ac4ae000 	C:\Windows\System32\msvcrt.dll
0x00007ff8ab690000 - 0x00007ff8ab72c000 	C:\Windows\System32\sechost.dll
0x00007ff8aaca0000 - 0x00007ff8aadcb000 	C:\Windows\System32\RPCRT4.dll
0x00007ff8aa840000 - 0x00007ff8aa9e0000 	C:\Windows\System32\USER32.dll
0x00007ff8aa660000 - 0x00007ff8aa682000 	C:\Windows\System32\win32u.dll
0x00007ff8ac4e0000 - 0x00007ff8ac50a000 	C:\Windows\System32\GDI32.dll
0x00007ff8aa380000 - 0x00007ff8aa48b000 	C:\Windows\System32\gdi32full.dll
0x00007ff8aa4c0000 - 0x00007ff8aa55d000 	C:\Windows\System32\msvcp_win.dll
0x00007ff8aa560000 - 0x00007ff8aa660000 	C:\Windows\System32\ucrtbase.dll
0x00007ff88f8d0000 - 0x00007ff88fb6a000 	C:\Windows\WinSxS\amd64_microsoft.windows.common-controls_6595b64144ccf1df_6.0.19041.844_none_ca00b6081b84eb1d\COMCTL32.dll
0x00007ff8ac4b0000 - 0x00007ff8ac4e0000 	C:\Windows\System32\IMM32.DLL
0x0000000071500000 - 0x00000000715d2000 	D:\work\jdk1.8.0_191\jre\bin\msvcr100.dll
0x0000000070c50000 - 0x00000000714f4000 	D:\work\jdk1.8.0_191\jre\bin\server\jvm.dll
0x00007ff8aae00000 - 0x00007ff8aae08000 	C:\Windows\System32\PSAPI.DLL
0x00007ff882110000 - 0x00007ff882119000 	C:\Windows\SYSTEM32\WSOCK32.dll
0x00007ff8ab730000 - 0x00007ff8ab79b000 	C:\Windows\System32\WS2_32.dll
0x00007ff890910000 - 0x00007ff890937000 	C:\Windows\SYSTEM32\WINMM.dll
0x00007ff8a9920000 - 0x00007ff8a992a000 	C:\Windows\SYSTEM32\VERSION.dll
0x0000000071a00000 - 0x0000000071a0f000 	D:\work\jdk1.8.0_191\jre\bin\verify.dll
0x0000000070c20000 - 0x0000000070c49000 	D:\work\jdk1.8.0_191\jre\bin\java.dll
0x0000000070b90000 - 0x0000000070bb3000 	D:\work\jdk1.8.0_191\jre\bin\instrument.dll
0x0000000070c00000 - 0x0000000070c16000 	D:\work\jdk1.8.0_191\jre\bin\zip.dll
0x00007ff8abb80000 - 0x00007ff8ac2c2000 	C:\Windows\System32\SHELL32.dll
0x00007ff8a7a00000 - 0x00007ff8a8190000 	C:\Windows\SYSTEM32\windows.storage.dll
0x00007ff8ab280000 - 0x00007ff8ab5d5000 	C:\Windows\System32\combase.dll
0x00007ff8a9770000 - 0x00007ff8a979c000 	C:\Windows\SYSTEM32\Wldp.dll
0x00007ff8ab9f0000 - 0x00007ff8aba9e000 	C:\Windows\System32\SHCORE.dll
0x00007ff8ab8c0000 - 0x00007ff8ab915000 	C:\Windows\System32\shlwapi.dll
0x00007ff8a9cb0000 - 0x00007ff8a9ccf000 	C:\Windows\SYSTEM32\profapi.dll

VM Arguments:
jvm_args: -javaagent:D:\work\IntelliJ IDEA 2019.2.4\lib\idea_rt.jar=56022:D:\work\IntelliJ IDEA 2019.2.4\bin -Dfile.encoding=UTF-8 
java_command: Acwing.Dijkstra
java_class_path (initial): D:\work\jdk1.8.0_191\jre\lib\charsets.jar;D:\work\jdk1.8.0_191\jre\lib\deploy.jar;D:\work\jdk1.8.0_191\jre\lib\ext\access-bridge-64.jar;D:\work\jdk1.8.0_191\jre\lib\ext\cldrdata.jar;D:\work\jdk1.8.0_191\jre\lib\ext\dnsns.jar;D:\work\jdk1.8.0_191\jre\lib\ext\jaccess.jar;D:\work\jdk1.8.0_191\jre\lib\ext\jfxrt.jar;D:\work\jdk1.8.0_191\jre\lib\ext\localedata.jar;D:\work\jdk1.8.0_191\jre\lib\ext\nashorn.jar;D:\work\jdk1.8.0_191\jre\lib\ext\sunec.jar;D:\work\jdk1.8.0_191\jre\lib\ext\sunjce_provider.jar;D:\work\jdk1.8.0_191\jre\lib\ext\sunmscapi.jar;D:\work\jdk1.8.0_191\jre\lib\ext\sunpkcs11.jar;D:\work\jdk1.8.0_191\jre\lib\ext\zipfs.jar;D:\work\jdk1.8.0_191\jre\lib\javaws.jar;D:\work\jdk1.8.0_191\jre\lib\jce.jar;D:\work\jdk1.8.0_191\jre\lib\jfr.jar;D:\work\jdk1.8.0_191\jre\lib\jfxswt.jar;D:\work\jdk1.8.0_191\jre\lib\jsse.jar;D:\work\jdk1.8.0_191\jre\lib\management-agent.jar;D:\work\jdk1.8.0_191\jre\lib\plugin.jar;D:\work\jdk1.8.0_191\jre\lib\resources.jar;D:\work\jdk1.8.0_191\jre\lib\rt.jar;D:\work\idea\study\AC\out\production\AC;D:\work\IntelliJ IDEA 2019.2.4\lib\idea_rt.jar
Launcher Type: SUN_STANDARD

Environment Variables:
JAVA_HOME=D:\work\jdk1.8.0_191
CLASSPATH=.;D:\work\jdk1.8.0_191\lib\dt.jar;D:\work\jdk1.8.0_191\lib\tools.jar;
PATH=C:\Windows\system32;C:\Windows;C:\Windows\System32\Wbem;C:\Windows\System32\WindowsPowerShell\v1.0\;C:\Windows\System32\OpenSSH\;D:\software\lenovo\xshell\;D:\work\Git\cmd;D:\work\xftp\;C:\Users\18068\AppData\Local\Microsoft\WindowsApps;D:\work\idea\IntelliJ IDEA 2020.2.3\bin;;D:\work\jdk1.8.0_191\bin;D:\work\jdk1.8.0_191\jre\bin;D:\work\python;D:\work\python\Scripts;
USERNAME=18068
OS=Windows_NT
PROCESSOR_IDENTIFIER=Intel64 Family 6 Model 140 Stepping 1, GenuineIntel



---------------  S Y S T E M  ---------------

OS: Windows 10.0 , 64 bit Build 19041 (10.0.19041.804)

CPU:total 8 (initial active 8) (4 cores per cpu, 2 threads per core) family 6 model 140 stepping 1, cmov, cx8, fxsr, mmx, sse, sse2, sse3, ssse3, sse4.1, sse4.2, popcnt, avx, avx2, aes, clmul, erms, 3dnowpref, lzcnt, ht, tsc, tscinvbit, bmi1, bmi2, adx

Memory: 4k page, physical 16571704k(2201284k free), swap 16571704k(3156k free)

vm_info: Java HotSpot(TM) 64-Bit Server VM (25.191-b12) for windows-amd64 JRE (1.8.0_191-b12), built on Oct  6 2018 09:29:03 by "java_re" with MS VC++ 10.0 (VS2010)

time: Sat Apr 24 23:11:58 2021
elapsed time: 0 seconds (0d 0h 0m 0s)

